<?xml version="1.0" encoding="UTF-8"?>
<!-- Generated by org.testng.reporters.JUnitXMLReporter -->
<testsuite ignored="0" hostname="LAPTOP-B72BE05F" failures="0" tests="4" name="Default test" time="44.372" errors="0" timestamp="18 May 2021 14:39:46 GMT">
  <testcase classname="tiktzuki.selenium_grid.hybridframework.testcases.TestcaseExecutor" name="executeTest" time="2.161"/>
  <testcase classname="tiktzuki.selenium_grid.hybridframework.testcases.TestcaseExecutor" name="executeTest" time="6.421"/>
  <testcase classname="tiktzuki.selenium_grid.hybridframework.testcases.TestcaseExecutor" name="executeTest" time="5.843"/>
  <testcase classname="tiktzuki.selenium_grid.hybridframework.testcases.TestcaseExecutor" name="executeTest" time="20.272"/>
</testsuite> <!-- Default test -->
